빌드 시작: 2022-01-31 오후 3:44:16
     1>2 노드의 "C:\Users\hidos\OneDrive\바탕 화면\MeasureFocus\MeasureFocus\MeasureFocus.vcxproj" 프로젝트(build 대상)입니다.
     1>InitializeBuildStatus:
         "AlwaysCreate"이(가) 지정되었기 때문에 "x64\Release\MeasureFocus.unsuccessfulbuild"을(를) 만들고 있습니다.
       ClCompile:
         모든 출력이 최신 상태입니다.
         C:\Program Files (x86)\Microsoft Visual Studio 10.0\VC\bin\x86_amd64\CL.exe /c /I..\OpenCV\x64\include /Zi /nologo /W3 /WX- /O2 /Oi /GL /D WIN32 /D NDEBUG /D _CONSOLE /D _MBCS /Gm- /EHsc /MD /GS /Gy /fp:precise /Zc:wchar_t /Zc:forScope /Yu"StdAfx.h" /Fp"x64\Release\MeasureFocus.pch" /Fo"x64\Release\\" /Fd"x64\Release\vc100.pdb" /Gd /TP /errorReport:prompt MeasureFocus.cpp
         MeasureFocus.cpp
     1>c:\users\hidos\onedrive\바탕 화면\measurefocus\opencv\x64\include\opencv2\flann\dist.h : warning C4819: 현재 코드 페이지(949)에서 표시할 수 없는 문자가 파일에 들어 있습니다. 데이터가 손실되지 않게 하려면 해당 파일을 유니코드 형식으로 저장하십시오.
     1>c:\users\hidos\onedrive\바탕 화면\measurefocus\opencv\x64\include\opencv2\flann\dist.h : warning C4819: 현재 코드 페이지(949)에서 표시할 수 없는 문자가 파일에 들어 있습니다. 데이터가 손실되지 않게 하려면 해당 파일을 유니코드 형식으로 저장하십시오.
     1>c:\users\hidos\onedrive\바탕 화면\measurefocus\opencv\x64\include\opencv2\flann\logger.h(66): warning C4996: 'fopen': This function or variable may be unsafe. Consider using fopen_s instead. To disable deprecation, use _CRT_SECURE_NO_WARNINGS. See online help for details.
                 C:\Program Files (x86)\Microsoft Visual Studio 10.0\VC\include\stdio.h(234) : 'fopen' 선언을 참조하십시오.
     1>c:\users\hidos\onedrive\바탕 화면\measurefocus\opencv\x64\include\opencv2\flann\dist.h : warning C4819: 현재 코드 페이지(949)에서 표시할 수 없는 문자가 파일에 들어 있습니다. 데이터가 손실되지 않게 하려면 해당 파일을 유니코드 형식으로 저장하십시오.
     1>c:\users\hidos\onedrive\바탕 화면\measurefocus\opencv\x64\include\opencv2\flann\dist.h : warning C4819: 현재 코드 페이지(949)에서 표시할 수 없는 문자가 파일에 들어 있습니다. 데이터가 손실되지 않게 하려면 해당 파일을 유니코드 형식으로 저장하십시오.
       Link:
         C:\Program Files (x86)\Microsoft Visual Studio 10.0\VC\bin\x86_amd64\link.exe /ERRORREPORT:PROMPT /OUT:"C:\Users\hidos\OneDrive\바탕 화면\MeasureFocus\Build\x64\Release\MeasureFocus.exe" /INCREMENTAL:NO /NOLOGO ..\OpenCV\x64\lib\opencv_core249.lib ..\OpenCV\x64\lib\opencv_highgui249.lib ..\OpenCV\x64\lib\opencv_imgproc249.lib kernel32.lib user32.lib gdi32.lib winspool.lib comdlg32.lib advapi32.lib shell32.lib ole32.lib oleaut32.lib uuid.lib odbc32.lib odbccp32.lib /MANIFEST /ManifestFile:"x64\Release\MeasureFocus.exe.intermediate.manifest" /MANIFESTUAC:"level='asInvoker' uiAccess='false'" /DEBUG /PDB:"C:\Users\hidos\OneDrive\바탕 화면\MeasureFocus\Build\x64\Release\MeasureFocus.pdb" /SUBSYSTEM:CONSOLE /OPT:REF /OPT:ICF /LTCG /TLBID:1 /DYNAMICBASE /NXCOMPAT /IMPLIB:"C:\Users\hidos\OneDrive\바탕 화면\MeasureFocus\Build\x64\Release\MeasureFocus.lib" /MACHINE:X64 x64\Release\MeasureFocus.obj
         x64\Release\stdafx.obj
         코드를 생성하고 있습니다.
         코드를 생성했습니다.
         MeasureFocus.vcxproj -> C:\Users\hidos\OneDrive\바탕 화면\MeasureFocus\Build\x64\Release\MeasureFocus.exe
       Manifest:
         C:\Program Files (x86)\Microsoft SDKs\Windows\v7.0A\bin\mt.exe /nologo /verbose /outputresource:"C:\Users\hidos\OneDrive\바탕 화면\MeasureFocus\Build\x64\Release\MeasureFocus.exe;#1" /manifest x64\Release\MeasureFocus.exe.intermediate.manifest
       FinalizeBuildStatus:
         "x64\Release\MeasureFocus.unsuccessfulbuild" 파일을 삭제하고 있습니다.
         "x64\Release\MeasureFocus.lastbuildstate"에 연결(touching)하고 있습니다.
     1>"C:\Users\hidos\OneDrive\바탕 화면\MeasureFocus\MeasureFocus\MeasureFocus.vcxproj" 프로젝트를 빌드했습니다(build 대상).

빌드했습니다.

경과 시간: 00:00:02.32
